<?xml version="1.0" encoding="UTF-8"?>
<testsuite name="numbers.RationalTest" tests="9" skipped="0" failures="0" errors="0" timestamp="2016-04-07T15:54:23" hostname="minty" time="0.09">
  <properties/>
  <testcase name="testAdd" classname="numbers.RationalTest" time="0.004"/>
  <testcase name="testSubtract" classname="numbers.RationalTest" time="0.001"/>
  <testcase name="testComparisons" classname="numbers.RationalTest" time="0.001"/>
  <testcase name="testLowestTerms" classname="numbers.RationalTest" time="0.001"/>
  <testcase name="testCreate" classname="numbers.RationalTest" time="0.001"/>
  <testcase name="testDivide" classname="numbers.RationalTest" time="0.078"/>
  <testcase name="testMultiply" classname="numbers.RationalTest" time="0.0"/>
  <testcase name="testInverse" classname="numbers.RationalTest" time="0.001"/>
  <testcase name="testNegate" classname="numbers.RationalTest" time="0.0"/>
  <system-out><![CDATA[]]></system-out>
  <system-err><![CDATA[]]></system-err>
</testsuite>
