<?xml version="1.1" encoding="UTF-8"?>
<testsuite name="numbers.RealTest" tests="9" failures="0" errors="0" timestamp="2016-03-29T20:41:09" hostname="minty" time="2.033">
  <properties/>
  <testcase name="testAdd" classname="numbers.RealTest" time="0.083"/>
  <testcase name="testCos" classname="numbers.RealTest" time="1.009"/>
  <testcase name="testExp" classname="numbers.RealTest" time="0.305"/>
  <testcase name="testSqrt" classname="numbers.RealTest" time="0.217"/>
  <testcase name="testArctan" classname="numbers.RealTest" time="0.329"/>
  <testcase name="testCreate" classname="numbers.RealTest" time="0.006"/>
  <testcase name="testMultiply" classname="numbers.RealTest" time="0.024"/>
  <testcase name="testInverse" classname="numbers.RealTest" time="0.044"/>
  <testcase name="testNegate" classname="numbers.RealTest" time="0.013"/>
  <system-out><![CDATA[]]></system-out>
  <system-err><![CDATA[]]></system-err>
</testsuite>
